{"__type":"$$EventMessageAudit","id":"8db77fac-176e-4deb-86ad-50475b8e9aab","ts":"2025-08-04T12:54:17.609+00:00","eventName":"n8n.audit.user.login.success","message":"n8n.audit.user.login.success","payload":{"userId":"346dc6fc-65ef-4bac-9b19-59267c205cd1","_email":"rajamtejasiddhartha@gmail.com","_firstName":"TEJA","_lastName":"RAJAM","globalRole":"global:owner","authenticationMethod":"email"}}
{"__type":"$$EventMessageConfirm","confirm":"8db77fac-176e-4deb-86ad-50475b8e9aab","ts":"2025-08-04T12:54:17.613+00:00","source":{"id":"0","name":"eventBus"}}
{"__type":"$$EventMessageAudit","id":"e581d6a5-cafd-4c0f-a9fd-aff9ef1f4459","ts":"2025-08-04T12:58:57.651+00:00","eventName":"n8n.audit.user.credentials.created","message":"n8n.audit.user.credentials.created","payload":{"userId":"346dc6fc-65ef-4bac-9b19-59267c205cd1","_email":"rajamtejasiddhartha@gmail.com","_firstName":"TEJA","_lastName":"RAJAM","globalRole":"global:owner","credentialType":"googleSheetsOAuth2Api","credentialId":"NNto0VzJkHzaNDZ5","publicApi":false,"projectId":"EWaGiU94rpFU52N1","projectType":"personal"}}
{"__type":"$$EventMessageConfirm","confirm":"e581d6a5-cafd-4c0f-a9fd-aff9ef1f4459","ts":"2025-08-04T12:58:57.653+00:00","source":{"id":"0","name":"eventBus"}}
{"__type":"$$EventMessageAudit","id":"00d3866d-b96e-49de-aadb-fc28894678a3","ts":"2025-08-04T12:59:19.997+00:00","eventName":"n8n.audit.user.credentials.updated","message":"n8n.audit.user.credentials.updated","payload":{"userId":"346dc6fc-65ef-4bac-9b19-59267c205cd1","_email":"rajamtejasiddhartha@gmail.com","_firstName":"TEJA","_lastName":"RAJAM","globalRole":"global:owner","credentialType":"googleSheetsOAuth2Api","credentialId":"NNto0VzJkHzaNDZ5"}}
{"__type":"$$EventMessageConfirm","confirm":"00d3866d-b96e-49de-aadb-fc28894678a3","ts":"2025-08-04T12:59:19.997+00:00","source":{"id":"0","name":"eventBus"}}
{"__type":"$$EventMessageAudit","id":"5eaf6bb1-8d6e-4f2a-866f-5ea3b0980e67","ts":"2025-08-04T12:59:38.665+00:00","eventName":"n8n.audit.workflow.created","message":"n8n.audit.workflow.created","payload":{"userId":"346dc6fc-65ef-4bac-9b19-59267c205cd1","_email":"rajamtejasiddhartha@gmail.com","_firstName":"TEJA","_lastName":"RAJAM","globalRole":"global:owner","workflowId":"4kNiZXt5UKp3Degy","workflowName":"My workflow"}}
{"__type":"$$EventMessageConfirm","confirm":"5eaf6bb1-8d6e-4f2a-866f-5ea3b0980e67","ts":"2025-08-04T12:59:38.666+00:00","source":{"id":"0","name":"eventBus"}}
{"__type":"$$EventMessageWorkflow","id":"7c27c7f8-5df2-4a26-8358-f8e85513dbf4","ts":"2025-08-04T12:59:39.387+00:00","eventName":"n8n.workflow.started","message":"n8n.workflow.started","payload":{"executionId":"1","workflowId":"4kNiZXt5UKp3Degy","isManual":false,"workflowName":"My workflow"}}
{"__type":"$$EventMessageConfirm","confirm":"7c27c7f8-5df2-4a26-8358-f8e85513dbf4","ts":"2025-08-04T12:59:39.387+00:00","source":{"id":"0","name":"eventBus"}}
{"__type":"$$EventMessageNode","id":"1a435827-c1a7-43d0-9da5-a30e76342f8e","ts":"2025-08-04T12:59:39.389+00:00","eventName":"n8n.node.started","message":"n8n.node.started","payload":{"workflowId":"4kNiZXt5UKp3Degy","workflowName":"My workflow","executionId":"1","nodeType":"n8n-nodes-base.scheduleTrigger","nodeName":"Every 15 minutes","nodeId":"49f5eae5-0945-4301-aef3-3503d3ed53a2"}}
{"__type":"$$EventMessageConfirm","confirm":"1a435827-c1a7-43d0-9da5-a30e76342f8e","ts":"2025-08-04T12:59:39.389+00:00","source":{"id":"0","name":"eventBus"}}
{"__type":"$$EventMessageNode","id":"b35184a2-adb1-48d9-89bf-abc7bc978d1b","ts":"2025-08-04T12:59:39.402+00:00","eventName":"n8n.node.finished","message":"n8n.node.finished","payload":{"workflowId":"4kNiZXt5UKp3Degy","workflowName":"My workflow","executionId":"1","nodeType":"n8n-nodes-base.scheduleTrigger","nodeName":"Every 15 minutes","nodeId":"49f5eae5-0945-4301-aef3-3503d3ed53a2"}}
{"__type":"$$EventMessageConfirm","confirm":"b35184a2-adb1-48d9-89bf-abc7bc978d1b","ts":"2025-08-04T12:59:39.402+00:00","source":{"id":"0","name":"eventBus"}}
{"__type":"$$EventMessageNode","id":"a6b5e1bd-9e58-48b5-af96-e244317f3160","ts":"2025-08-04T12:59:39.403+00:00","eventName":"n8n.node.started","message":"n8n.node.started","payload":{"workflowId":"4kNiZXt5UKp3Degy","workflowName":"My workflow","executionId":"1","nodeType":"n8n-nodes-base.httpRequest","nodeName":"HTTP Request -  CoinGecko INR","nodeId":"b518e179-ee16-4fc1-a63a-0569a78365e5"}}
{"__type":"$$EventMessageConfirm","confirm":"a6b5e1bd-9e58-48b5-af96-e244317f3160","ts":"2025-08-04T12:59:39.403+00:00","source":{"id":"0","name":"eventBus"}}
{"__type":"$$EventMessageNode","id":"3645ad32-0f6a-4e20-93f0-436884d2f0ec","ts":"2025-08-04T12:59:39.934+00:00","eventName":"n8n.node.finished","message":"n8n.node.finished","payload":{"workflowId":"4kNiZXt5UKp3Degy","workflowName":"My workflow","executionId":"1","nodeType":"n8n-nodes-base.httpRequest","nodeName":"HTTP Request -  CoinGecko INR","nodeId":"b518e179-ee16-4fc1-a63a-0569a78365e5"}}
{"__type":"$$EventMessageConfirm","confirm":"3645ad32-0f6a-4e20-93f0-436884d2f0ec","ts":"2025-08-04T12:59:39.934+00:00","source":{"id":"0","name":"eventBus"}}
{"__type":"$$EventMessageNode","id":"68a96eb0-41a4-4fb4-85a1-5771e5fd49fb","ts":"2025-08-04T12:59:39.936+00:00","eventName":"n8n.node.started","message":"n8n.node.started","payload":{"workflowId":"4kNiZXt5UKp3Degy","workflowName":"My workflow","executionId":"1","nodeType":"n8n-nodes-base.code","nodeName":"ALL LOGIC","nodeId":"fe4cf8fb-b2dc-42ca-8417-33119ca6cb26"}}
{"__type":"$$EventMessageConfirm","confirm":"68a96eb0-41a4-4fb4-85a1-5771e5fd49fb","ts":"2025-08-04T12:59:39.936+00:00","source":{"id":"0","name":"eventBus"}}
{"__type":"$$EventMessageNode","id":"88396832-4b4c-4219-b45f-611e11d9fe9b","ts":"2025-08-04T08:59:40.033-04:00","eventName":"n8n.node.finished","message":"n8n.node.finished","payload":{"workflowId":"4kNiZXt5UKp3Degy","workflowName":"My workflow","executionId":"1","nodeType":"n8n-nodes-base.code","nodeName":"ALL LOGIC","nodeId":"fe4cf8fb-b2dc-42ca-8417-33119ca6cb26"}}
{"__type":"$$EventMessageConfirm","confirm":"88396832-4b4c-4219-b45f-611e11d9fe9b","ts":"2025-08-04T08:59:40.034-04:00","source":{"id":"0","name":"eventBus"}}
{"__type":"$$EventMessageNode","id":"1798e36a-410b-4a4f-ab86-125f80743204","ts":"2025-08-04T08:59:40.035-04:00","eventName":"n8n.node.started","message":"n8n.node.started","payload":{"workflowId":"4kNiZXt5UKp3Degy","workflowName":"My workflow","executionId":"1","nodeType":"n8n-nodes-base.code","nodeName":"Code","nodeId":"88e79ff5-b6bd-4004-aaae-97272317a4bb"}}
{"__type":"$$EventMessageConfirm","confirm":"1798e36a-410b-4a4f-ab86-125f80743204","ts":"2025-08-04T08:59:40.036-04:00","source":{"id":"0","name":"eventBus"}}
{"__type":"$$EventMessageNode","id":"888b0338-e0a3-4933-be79-a98c9e14d2be","ts":"2025-08-04T08:59:40.060-04:00","eventName":"n8n.node.finished","message":"n8n.node.finished","payload":{"workflowId":"4kNiZXt5UKp3Degy","workflowName":"My workflow","executionId":"1","nodeType":"n8n-nodes-base.code","nodeName":"Code","nodeId":"88e79ff5-b6bd-4004-aaae-97272317a4bb"}}
{"__type":"$$EventMessageConfirm","confirm":"888b0338-e0a3-4933-be79-a98c9e14d2be","ts":"2025-08-04T08:59:40.061-04:00","source":{"id":"0","name":"eventBus"}}
{"__type":"$$EventMessageNode","id":"59d727f3-1148-45d5-9088-d1eab5cfe26f","ts":"2025-08-04T08:59:40.063-04:00","eventName":"n8n.node.started","message":"n8n.node.started","payload":{"workflowId":"4kNiZXt5UKp3Degy","workflowName":"My workflow","executionId":"1","nodeType":"n8n-nodes-base.googleSheets","nodeName":"Append row in sheet","nodeId":"e580e781-5759-446e-831b-d4704c651ece"}}
{"__type":"$$EventMessageConfirm","confirm":"59d727f3-1148-45d5-9088-d1eab5cfe26f","ts":"2025-08-04T08:59:40.063-04:00","source":{"id":"0","name":"eventBus"}}
{"__type":"$$EventMessageNode","id":"08c1c91e-c51b-48aa-9a7b-e8f6573cd3c6","ts":"2025-08-04T08:59:40.095-04:00","eventName":"n8n.node.finished","message":"n8n.node.finished","payload":{"workflowId":"4kNiZXt5UKp3Degy","workflowName":"My workflow","executionId":"1","nodeType":"n8n-nodes-base.googleSheets","nodeName":"Append row in sheet","nodeId":"e580e781-5759-446e-831b-d4704c651ece"}}
{"__type":"$$EventMessageConfirm","confirm":"08c1c91e-c51b-48aa-9a7b-e8f6573cd3c6","ts":"2025-08-04T08:59:40.095-04:00","source":{"id":"0","name":"eventBus"}}
{"__type":"$$EventMessageWorkflow","id":"340d617e-d1d9-4719-9145-99dd50f0e5fe","ts":"2025-08-04T08:59:40.101-04:00","eventName":"n8n.workflow.failed","message":"n8n.workflow.failed","payload":{"userId":"346dc6fc-65ef-4bac-9b19-59267c205cd1","executionId":"1","success":false,"isManual":true,"workflowId":"4kNiZXt5UKp3Degy","workflowName":"My workflow","lastNodeExecuted":"Append row in sheet","errorNodeType":"n8n-nodes-base.googleSheets","errorMessage":"Unable to sign without access token"}}
{"__type":"$$EventMessageConfirm","confirm":"340d617e-d1d9-4719-9145-99dd50f0e5fe","ts":"2025-08-04T08:59:40.101-04:00","source":{"id":"0","name":"eventBus"}}
{"__type":"$$EventMessageAudit","id":"b5744e3a-9094-416c-93c3-33005f900eab","ts":"2025-08-04T08:59:50.604-04:00","eventName":"n8n.audit.user.credentials.updated","message":"n8n.audit.user.credentials.updated","payload":{"userId":"346dc6fc-65ef-4bac-9b19-59267c205cd1","_email":"rajamtejasiddhartha@gmail.com","_firstName":"TEJA","_lastName":"RAJAM","globalRole":"global:owner","credentialType":"googleSheetsOAuth2Api","credentialId":"NNto0VzJkHzaNDZ5"}}
{"__type":"$$EventMessageConfirm","confirm":"b5744e3a-9094-416c-93c3-33005f900eab","ts":"2025-08-04T08:59:50.605-04:00","source":{"id":"0","name":"eventBus"}}
{"__type":"$$EventMessageAudit","id":"07e2c5a7-eadf-4a9c-8d33-dc5216aa6969","ts":"2025-08-04T09:06:31.691-04:00","eventName":"n8n.audit.user.credentials.updated","message":"n8n.audit.user.credentials.updated","payload":{"userId":"346dc6fc-65ef-4bac-9b19-59267c205cd1","_email":"rajamtejasiddhartha@gmail.com","_firstName":"TEJA","_lastName":"RAJAM","globalRole":"global:owner","credentialType":"googleSheetsOAuth2Api","credentialId":"NNto0VzJkHzaNDZ5"}}
{"__type":"$$EventMessageConfirm","confirm":"07e2c5a7-eadf-4a9c-8d33-dc5216aa6969","ts":"2025-08-04T09:06:31.692-04:00","source":{"id":"0","name":"eventBus"}}
{"__type":"$$EventMessageAudit","id":"c68b6678-e509-4015-824c-f5a27b1301ee","ts":"2025-08-04T09:08:49.982-04:00","eventName":"n8n.audit.user.login.success","message":"n8n.audit.user.login.success","payload":{"userId":"346dc6fc-65ef-4bac-9b19-59267c205cd1","_email":"rajamtejasiddhartha@gmail.com","_firstName":"TEJA","_lastName":"RAJAM","globalRole":"global:owner","authenticationMethod":"email"}}
{"__type":"$$EventMessageConfirm","confirm":"c68b6678-e509-4015-824c-f5a27b1301ee","ts":"2025-08-04T09:08:49.983-04:00","source":{"id":"0","name":"eventBus"}}
{"__type":"$$EventMessageAudit","id":"f599b7b8-c617-4e11-a0bf-22fe68378138","ts":"2025-08-05T00:13:42.918-04:00","eventName":"n8n.audit.user.credentials.updated","message":"n8n.audit.user.credentials.updated","payload":{"userId":"346dc6fc-65ef-4bac-9b19-59267c205cd1","_email":"rajamtejasiddhartha@gmail.com","_firstName":"TEJA","_lastName":"RAJAM","globalRole":"global:owner","credentialType":"googleSheetsOAuth2Api","credentialId":"NNto0VzJkHzaNDZ5"}}
{"__type":"$$EventMessageConfirm","confirm":"f599b7b8-c617-4e11-a0bf-22fe68378138","ts":"2025-08-05T00:13:42.921-04:00","source":{"id":"0","name":"eventBus"}}
{"__type":"$$EventMessageWorkflow","id":"45ca87db-0582-48b2-aac6-8a214cd97a18","ts":"2025-08-05T00:14:07.980-04:00","eventName":"n8n.workflow.started","message":"n8n.workflow.started","payload":{"executionId":"2","workflowId":"4kNiZXt5UKp3Degy","isManual":false,"workflowName":"My workflow"}}
{"__type":"$$EventMessageConfirm","confirm":"45ca87db-0582-48b2-aac6-8a214cd97a18","ts":"2025-08-05T00:14:07.981-04:00","source":{"id":"0","name":"eventBus"}}
{"__type":"$$EventMessageNode","id":"e01c5106-cc88-4a0e-8625-bfe952df797e","ts":"2025-08-05T00:14:07.985-04:00","eventName":"n8n.node.started","message":"n8n.node.started","payload":{"workflowId":"4kNiZXt5UKp3Degy","workflowName":"My workflow","executionId":"2","nodeType":"n8n-nodes-base.scheduleTrigger","nodeName":"Every 15 minutes","nodeId":"49f5eae5-0945-4301-aef3-3503d3ed53a2"}}
{"__type":"$$EventMessageConfirm","confirm":"e01c5106-cc88-4a0e-8625-bfe952df797e","ts":"2025-08-05T00:14:07.985-04:00","source":{"id":"0","name":"eventBus"}}
{"__type":"$$EventMessageNode","id":"808c16ec-4ebb-41e4-bd05-538b6358d7d0","ts":"2025-08-05T00:14:08.033-04:00","eventName":"n8n.node.finished","message":"n8n.node.finished","payload":{"workflowId":"4kNiZXt5UKp3Degy","workflowName":"My workflow","executionId":"2","nodeType":"n8n-nodes-base.scheduleTrigger","nodeName":"Every 15 minutes","nodeId":"49f5eae5-0945-4301-aef3-3503d3ed53a2"}}
{"__type":"$$EventMessageConfirm","confirm":"808c16ec-4ebb-41e4-bd05-538b6358d7d0","ts":"2025-08-05T00:14:08.034-04:00","source":{"id":"0","name":"eventBus"}}
{"__type":"$$EventMessageNode","id":"d3f5fa49-1f36-4d18-b0a9-151c6345aeab","ts":"2025-08-05T00:14:08.034-04:00","eventName":"n8n.node.started","message":"n8n.node.started","payload":{"workflowId":"4kNiZXt5UKp3Degy","workflowName":"My workflow","executionId":"2","nodeType":"n8n-nodes-base.httpRequest","nodeName":"HTTP Request -  CoinGecko INR","nodeId":"b518e179-ee16-4fc1-a63a-0569a78365e5"}}
{"__type":"$$EventMessageConfirm","confirm":"d3f5fa49-1f36-4d18-b0a9-151c6345aeab","ts":"2025-08-05T00:14:08.035-04:00","source":{"id":"0","name":"eventBus"}}
{"__type":"$$EventMessageNode","id":"a65c9b40-59bf-4d32-a565-10032b249e5d","ts":"2025-08-05T00:14:08.599-04:00","eventName":"n8n.node.finished","message":"n8n.node.finished","payload":{"workflowId":"4kNiZXt5UKp3Degy","workflowName":"My workflow","executionId":"2","nodeType":"n8n-nodes-base.httpRequest","nodeName":"HTTP Request -  CoinGecko INR","nodeId":"b518e179-ee16-4fc1-a63a-0569a78365e5"}}
{"__type":"$$EventMessageConfirm","confirm":"a65c9b40-59bf-4d32-a565-10032b249e5d","ts":"2025-08-05T00:14:08.599-04:00","source":{"id":"0","name":"eventBus"}}
{"__type":"$$EventMessageNode","id":"c818c3ce-9ab0-4893-befb-9180cf8e3fc0","ts":"2025-08-05T00:14:08.604-04:00","eventName":"n8n.node.started","message":"n8n.node.started","payload":{"workflowId":"4kNiZXt5UKp3Degy","workflowName":"My workflow","executionId":"2","nodeType":"n8n-nodes-base.code","nodeName":"ALL LOGIC","nodeId":"fe4cf8fb-b2dc-42ca-8417-33119ca6cb26"}}
{"__type":"$$EventMessageConfirm","confirm":"c818c3ce-9ab0-4893-befb-9180cf8e3fc0","ts":"2025-08-05T00:14:08.604-04:00","source":{"id":"0","name":"eventBus"}}
{"__type":"$$EventMessageNode","id":"f7dbf7e0-f89b-437c-afa0-ace5301cfa07","ts":"2025-08-05T00:14:08.687-04:00","eventName":"n8n.node.finished","message":"n8n.node.finished","payload":{"workflowId":"4kNiZXt5UKp3Degy","workflowName":"My workflow","executionId":"2","nodeType":"n8n-nodes-base.code","nodeName":"ALL LOGIC","nodeId":"fe4cf8fb-b2dc-42ca-8417-33119ca6cb26"}}
{"__type":"$$EventMessageConfirm","confirm":"f7dbf7e0-f89b-437c-afa0-ace5301cfa07","ts":"2025-08-05T00:14:08.687-04:00","source":{"id":"0","name":"eventBus"}}
{"__type":"$$EventMessageNode","id":"c0aebaf3-7254-4cd8-8d62-c9ee5366e889","ts":"2025-08-05T00:14:08.688-04:00","eventName":"n8n.node.started","message":"n8n.node.started","payload":{"workflowId":"4kNiZXt5UKp3Degy","workflowName":"My workflow","executionId":"2","nodeType":"n8n-nodes-base.code","nodeName":"Code","nodeId":"88e79ff5-b6bd-4004-aaae-97272317a4bb"}}
{"__type":"$$EventMessageConfirm","confirm":"c0aebaf3-7254-4cd8-8d62-c9ee5366e889","ts":"2025-08-05T00:14:08.688-04:00","source":{"id":"0","name":"eventBus"}}
{"__type":"$$EventMessageNode","id":"5c58e205-7d86-43ef-b6df-cb3adb652b97","ts":"2025-08-05T00:14:08.700-04:00","eventName":"n8n.node.finished","message":"n8n.node.finished","payload":{"workflowId":"4kNiZXt5UKp3Degy","workflowName":"My workflow","executionId":"2","nodeType":"n8n-nodes-base.code","nodeName":"Code","nodeId":"88e79ff5-b6bd-4004-aaae-97272317a4bb"}}
{"__type":"$$EventMessageConfirm","confirm":"5c58e205-7d86-43ef-b6df-cb3adb652b97","ts":"2025-08-05T00:14:08.700-04:00","source":{"id":"0","name":"eventBus"}}
{"__type":"$$EventMessageNode","id":"962a71bf-f741-4615-bfdf-c5438464064b","ts":"2025-08-05T00:14:08.705-04:00","eventName":"n8n.node.started","message":"n8n.node.started","payload":{"workflowId":"4kNiZXt5UKp3Degy","workflowName":"My workflow","executionId":"2","nodeType":"n8n-nodes-base.googleSheets","nodeName":"Append row in sheet","nodeId":"e580e781-5759-446e-831b-d4704c651ece"}}
{"__type":"$$EventMessageConfirm","confirm":"962a71bf-f741-4615-bfdf-c5438464064b","ts":"2025-08-05T00:14:08.706-04:00","source":{"id":"0","name":"eventBus"}}
{"__type":"$$EventMessageNode","id":"c9867305-9d9d-49b2-a831-7bf1ba33388e","ts":"2025-08-05T00:14:08.715-04:00","eventName":"n8n.node.finished","message":"n8n.node.finished","payload":{"workflowId":"4kNiZXt5UKp3Degy","workflowName":"My workflow","executionId":"2","nodeType":"n8n-nodes-base.googleSheets","nodeName":"Append row in sheet","nodeId":"e580e781-5759-446e-831b-d4704c651ece"}}
{"__type":"$$EventMessageConfirm","confirm":"c9867305-9d9d-49b2-a831-7bf1ba33388e","ts":"2025-08-05T00:14:08.715-04:00","source":{"id":"0","name":"eventBus"}}
{"__type":"$$EventMessageWorkflow","id":"5678be41-b0b5-43df-ab1a-56c2e80a2232","ts":"2025-08-05T00:14:08.722-04:00","eventName":"n8n.workflow.failed","message":"n8n.workflow.failed","payload":{"userId":"346dc6fc-65ef-4bac-9b19-59267c205cd1","executionId":"2","success":false,"isManual":true,"workflowId":"4kNiZXt5UKp3Degy","workflowName":"My workflow","lastNodeExecuted":"Append row in sheet","errorNodeType":"n8n-nodes-base.googleSheets","errorMessage":"Unable to sign without access token"}}
{"__type":"$$EventMessageConfirm","confirm":"5678be41-b0b5-43df-ab1a-56c2e80a2232","ts":"2025-08-05T00:14:08.722-04:00","source":{"id":"0","name":"eventBus"}}
{"__type":"$$EventMessageAudit","id":"8fd84469-ea12-461d-b07c-8725fbbdcd58","ts":"2025-08-05T00:18:04.929-04:00","eventName":"n8n.audit.user.credentials.updated","message":"n8n.audit.user.credentials.updated","payload":{"userId":"346dc6fc-65ef-4bac-9b19-59267c205cd1","_email":"rajamtejasiddhartha@gmail.com","_firstName":"TEJA","_lastName":"RAJAM","globalRole":"global:owner","credentialType":"googleSheetsOAuth2Api","credentialId":"NNto0VzJkHzaNDZ5"}}
{"__type":"$$EventMessageConfirm","confirm":"8fd84469-ea12-461d-b07c-8725fbbdcd58","ts":"2025-08-05T00:18:04.931-04:00","source":{"id":"0","name":"eventBus"}}
{"__type":"$$EventMessageAudit","id":"3bef6c23-fb99-408b-9e2d-549efde66ccb","ts":"2025-08-05T00:18:08.384-04:00","eventName":"n8n.audit.user.credentials.updated","message":"n8n.audit.user.credentials.updated","payload":{"userId":"346dc6fc-65ef-4bac-9b19-59267c205cd1","_email":"rajamtejasiddhartha@gmail.com","_firstName":"TEJA","_lastName":"RAJAM","globalRole":"global:owner","credentialType":"googleSheetsOAuth2Api","credentialId":"NNto0VzJkHzaNDZ5"}}
{"__type":"$$EventMessageConfirm","confirm":"3bef6c23-fb99-408b-9e2d-549efde66ccb","ts":"2025-08-05T00:18:08.385-04:00","source":{"id":"0","name":"eventBus"}}
{"__type":"$$EventMessageAudit","id":"687ab5d8-c69f-4d8e-93e3-903ccb5cf8e3","ts":"2025-08-05T00:18:39.926-04:00","eventName":"n8n.audit.user.credentials.updated","message":"n8n.audit.user.credentials.updated","payload":{"userId":"346dc6fc-65ef-4bac-9b19-59267c205cd1","_email":"rajamtejasiddhartha@gmail.com","_firstName":"TEJA","_lastName":"RAJAM","globalRole":"global:owner","credentialType":"googleSheetsOAuth2Api","credentialId":"NNto0VzJkHzaNDZ5"}}
{"__type":"$$EventMessageConfirm","confirm":"687ab5d8-c69f-4d8e-93e3-903ccb5cf8e3","ts":"2025-08-05T00:18:39.926-04:00","source":{"id":"0","name":"eventBus"}}
{"__type":"$$EventMessageWorkflow","id":"30b4e11a-aee9-4061-ad14-397fc9ea99b1","ts":"2025-08-05T00:21:02.386-04:00","eventName":"n8n.workflow.started","message":"n8n.workflow.started","payload":{"executionId":"3","workflowId":"4kNiZXt5UKp3Degy","isManual":false,"workflowName":"My workflow"}}
{"__type":"$$EventMessageConfirm","confirm":"30b4e11a-aee9-4061-ad14-397fc9ea99b1","ts":"2025-08-05T00:21:02.387-04:00","source":{"id":"0","name":"eventBus"}}
{"__type":"$$EventMessageNode","id":"e9fd9608-3cdf-4a27-9651-7d514ffd1c40","ts":"2025-08-05T00:21:02.389-04:00","eventName":"n8n.node.started","message":"n8n.node.started","payload":{"workflowId":"4kNiZXt5UKp3Degy","workflowName":"My workflow","executionId":"3","nodeType":"n8n-nodes-base.scheduleTrigger","nodeName":"Every 15 minutes","nodeId":"49f5eae5-0945-4301-aef3-3503d3ed53a2"}}
{"__type":"$$EventMessageConfirm","confirm":"e9fd9608-3cdf-4a27-9651-7d514ffd1c40","ts":"2025-08-05T00:21:02.390-04:00","source":{"id":"0","name":"eventBus"}}
{"__type":"$$EventMessageNode","id":"2507ab12-3a7b-471a-b32a-5be7e7d6717c","ts":"2025-08-05T00:21:02.402-04:00","eventName":"n8n.node.finished","message":"n8n.node.finished","payload":{"workflowId":"4kNiZXt5UKp3Degy","workflowName":"My workflow","executionId":"3","nodeType":"n8n-nodes-base.scheduleTrigger","nodeName":"Every 15 minutes","nodeId":"49f5eae5-0945-4301-aef3-3503d3ed53a2"}}
{"__type":"$$EventMessageConfirm","confirm":"2507ab12-3a7b-471a-b32a-5be7e7d6717c","ts":"2025-08-05T00:21:02.402-04:00","source":{"id":"0","name":"eventBus"}}
{"__type":"$$EventMessageNode","id":"5d216c38-5fe6-4679-a65e-0d407c539620","ts":"2025-08-05T00:21:02.403-04:00","eventName":"n8n.node.started","message":"n8n.node.started","payload":{"workflowId":"4kNiZXt5UKp3Degy","workflowName":"My workflow","executionId":"3","nodeType":"n8n-nodes-base.httpRequest","nodeName":"HTTP Request -  CoinGecko INR","nodeId":"b518e179-ee16-4fc1-a63a-0569a78365e5"}}
{"__type":"$$EventMessageConfirm","confirm":"5d216c38-5fe6-4679-a65e-0d407c539620","ts":"2025-08-05T00:21:02.403-04:00","source":{"id":"0","name":"eventBus"}}
{"__type":"$$EventMessageNode","id":"362c056e-c950-47d0-810b-a9dad8ae42fe","ts":"2025-08-05T00:21:02.805-04:00","eventName":"n8n.node.finished","message":"n8n.node.finished","payload":{"workflowId":"4kNiZXt5UKp3Degy","workflowName":"My workflow","executionId":"3","nodeType":"n8n-nodes-base.httpRequest","nodeName":"HTTP Request -  CoinGecko INR","nodeId":"b518e179-ee16-4fc1-a63a-0569a78365e5"}}
{"__type":"$$EventMessageConfirm","confirm":"362c056e-c950-47d0-810b-a9dad8ae42fe","ts":"2025-08-05T00:21:02.805-04:00","source":{"id":"0","name":"eventBus"}}
{"__type":"$$EventMessageNode","id":"4dc22ed3-c1d5-430c-8257-d9af990dd46a","ts":"2025-08-05T00:21:02.807-04:00","eventName":"n8n.node.started","message":"n8n.node.started","payload":{"workflowId":"4kNiZXt5UKp3Degy","workflowName":"My workflow","executionId":"3","nodeType":"n8n-nodes-base.code","nodeName":"ALL LOGIC","nodeId":"fe4cf8fb-b2dc-42ca-8417-33119ca6cb26"}}
{"__type":"$$EventMessageConfirm","confirm":"4dc22ed3-c1d5-430c-8257-d9af990dd46a","ts":"2025-08-05T00:21:02.807-04:00","source":{"id":"0","name":"eventBus"}}
{"__type":"$$EventMessageNode","id":"a5c59464-96f6-4569-97fc-c329de3e915c","ts":"2025-08-05T00:21:02.842-04:00","eventName":"n8n.node.finished","message":"n8n.node.finished","payload":{"workflowId":"4kNiZXt5UKp3Degy","workflowName":"My workflow","executionId":"3","nodeType":"n8n-nodes-base.code","nodeName":"ALL LOGIC","nodeId":"fe4cf8fb-b2dc-42ca-8417-33119ca6cb26"}}
{"__type":"$$EventMessageConfirm","confirm":"a5c59464-96f6-4569-97fc-c329de3e915c","ts":"2025-08-05T00:21:02.843-04:00","source":{"id":"0","name":"eventBus"}}
{"__type":"$$EventMessageNode","id":"e77bcaae-924e-4c4a-bad3-8bfc7597b64e","ts":"2025-08-05T00:21:02.846-04:00","eventName":"n8n.node.started","message":"n8n.node.started","payload":{"workflowId":"4kNiZXt5UKp3Degy","workflowName":"My workflow","executionId":"3","nodeType":"n8n-nodes-base.code","nodeName":"Code","nodeId":"88e79ff5-b6bd-4004-aaae-97272317a4bb"}}
{"__type":"$$EventMessageConfirm","confirm":"e77bcaae-924e-4c4a-bad3-8bfc7597b64e","ts":"2025-08-05T00:21:02.846-04:00","source":{"id":"0","name":"eventBus"}}
{"__type":"$$EventMessageNode","id":"bda9d0b9-226e-4223-94dc-95cbdada25a5","ts":"2025-08-05T00:21:02.865-04:00","eventName":"n8n.node.finished","message":"n8n.node.finished","payload":{"workflowId":"4kNiZXt5UKp3Degy","workflowName":"My workflow","executionId":"3","nodeType":"n8n-nodes-base.code","nodeName":"Code","nodeId":"88e79ff5-b6bd-4004-aaae-97272317a4bb"}}
{"__type":"$$EventMessageConfirm","confirm":"bda9d0b9-226e-4223-94dc-95cbdada25a5","ts":"2025-08-05T00:21:02.865-04:00","source":{"id":"0","name":"eventBus"}}
{"__type":"$$EventMessageNode","id":"1fd5204c-97de-4126-aed2-10d4274a6e10","ts":"2025-08-05T00:21:02.866-04:00","eventName":"n8n.node.started","message":"n8n.node.started","payload":{"workflowId":"4kNiZXt5UKp3Degy","workflowName":"My workflow","executionId":"3","nodeType":"n8n-nodes-base.googleSheets","nodeName":"Append row in sheet","nodeId":"e580e781-5759-446e-831b-d4704c651ece"}}
{"__type":"$$EventMessageConfirm","confirm":"1fd5204c-97de-4126-aed2-10d4274a6e10","ts":"2025-08-05T00:21:02.867-04:00","source":{"id":"0","name":"eventBus"}}
{"__type":"$$EventMessageNode","id":"12af8d80-f947-41bf-8866-c67d912a0ff8","ts":"2025-08-05T00:21:02.876-04:00","eventName":"n8n.node.finished","message":"n8n.node.finished","payload":{"workflowId":"4kNiZXt5UKp3Degy","workflowName":"My workflow","executionId":"3","nodeType":"n8n-nodes-base.googleSheets","nodeName":"Append row in sheet","nodeId":"e580e781-5759-446e-831b-d4704c651ece"}}
{"__type":"$$EventMessageConfirm","confirm":"12af8d80-f947-41bf-8866-c67d912a0ff8","ts":"2025-08-05T00:21:02.876-04:00","source":{"id":"0","name":"eventBus"}}
{"__type":"$$EventMessageWorkflow","id":"d0d144af-3941-41f6-8fdf-25a735770fc5","ts":"2025-08-05T00:21:02.883-04:00","eventName":"n8n.workflow.failed","message":"n8n.workflow.failed","payload":{"userId":"346dc6fc-65ef-4bac-9b19-59267c205cd1","executionId":"3","success":false,"isManual":true,"workflowId":"4kNiZXt5UKp3Degy","workflowName":"My workflow","lastNodeExecuted":"Append row in sheet","errorNodeType":"n8n-nodes-base.googleSheets","errorMessage":"Unable to sign without access token"}}
{"__type":"$$EventMessageConfirm","confirm":"d0d144af-3941-41f6-8fdf-25a735770fc5","ts":"2025-08-05T00:21:02.883-04:00","source":{"id":"0","name":"eventBus"}}
{"__type":"$$EventMessageAudit","id":"68ce8ba1-f441-43e8-9d44-02165c6afd02","ts":"2025-08-05T00:21:24.014-04:00","eventName":"n8n.audit.user.credentials.updated","message":"n8n.audit.user.credentials.updated","payload":{"userId":"346dc6fc-65ef-4bac-9b19-59267c205cd1","_email":"rajamtejasiddhartha@gmail.com","_firstName":"TEJA","_lastName":"RAJAM","globalRole":"global:owner","credentialType":"googleSheetsOAuth2Api","credentialId":"NNto0VzJkHzaNDZ5"}}
{"__type":"$$EventMessageConfirm","confirm":"68ce8ba1-f441-43e8-9d44-02165c6afd02","ts":"2025-08-05T00:21:24.014-04:00","source":{"id":"0","name":"eventBus"}}
{"__type":"$$EventMessageAudit","id":"6ea2d109-6330-481b-83ff-ed8765458e23","ts":"2025-08-05T00:25:12.442-04:00","eventName":"n8n.audit.user.credentials.updated","message":"n8n.audit.user.credentials.updated","payload":{"userId":"346dc6fc-65ef-4bac-9b19-59267c205cd1","_email":"rajamtejasiddhartha@gmail.com","_firstName":"TEJA","_lastName":"RAJAM","globalRole":"global:owner","credentialType":"googleSheetsOAuth2Api","credentialId":"NNto0VzJkHzaNDZ5"}}
{"__type":"$$EventMessageConfirm","confirm":"6ea2d109-6330-481b-83ff-ed8765458e23","ts":"2025-08-05T00:25:12.442-04:00","source":{"id":"0","name":"eventBus"}}
{"__type":"$$EventMessageWorkflow","id":"49dc16fa-8013-4a66-a5b3-89d5941e0a49","ts":"2025-08-05T00:25:34.000-04:00","eventName":"n8n.workflow.started","message":"n8n.workflow.started","payload":{"executionId":"4","workflowId":"4kNiZXt5UKp3Degy","isManual":false,"workflowName":"My workflow"}}
{"__type":"$$EventMessageConfirm","confirm":"49dc16fa-8013-4a66-a5b3-89d5941e0a49","ts":"2025-08-05T00:25:34.001-04:00","source":{"id":"0","name":"eventBus"}}
{"__type":"$$EventMessageNode","id":"0058542c-3267-4c61-8a4c-abe248423591","ts":"2025-08-05T00:25:34.007-04:00","eventName":"n8n.node.started","message":"n8n.node.started","payload":{"workflowId":"4kNiZXt5UKp3Degy","workflowName":"My workflow","executionId":"4","nodeType":"n8n-nodes-base.googleSheets","nodeName":"Append row in sheet","nodeId":"e580e781-5759-446e-831b-d4704c651ece"}}
{"__type":"$$EventMessageConfirm","confirm":"0058542c-3267-4c61-8a4c-abe248423591","ts":"2025-08-05T00:25:34.008-04:00","source":{"id":"0","name":"eventBus"}}
{"__type":"$$EventMessageNode","id":"0e0535d5-3fbe-4bb6-9102-969e79a67722","ts":"2025-08-05T00:25:34.464-04:00","eventName":"n8n.node.finished","message":"n8n.node.finished","payload":{"workflowId":"4kNiZXt5UKp3Degy","workflowName":"My workflow","executionId":"4","nodeType":"n8n-nodes-base.googleSheets","nodeName":"Append row in sheet","nodeId":"e580e781-5759-446e-831b-d4704c651ece"}}
{"__type":"$$EventMessageConfirm","confirm":"0e0535d5-3fbe-4bb6-9102-969e79a67722","ts":"2025-08-05T00:25:34.464-04:00","source":{"id":"0","name":"eventBus"}}
{"__type":"$$EventMessageWorkflow","id":"64faff16-b05b-46ab-9761-002e9d2d16a8","ts":"2025-08-05T00:25:34.483-04:00","eventName":"n8n.workflow.failed","message":"n8n.workflow.failed","payload":{"userId":"346dc6fc-65ef-4bac-9b19-59267c205cd1","executionId":"4","success":false,"isManual":true,"workflowId":"4kNiZXt5UKp3Degy","workflowName":"My workflow","lastNodeExecuted":"Append row in sheet","errorNodeType":"n8n-nodes-base.googleSheets","errorMessage":"Forbidden - perhaps check your credentials?"}}
{"__type":"$$EventMessageConfirm","confirm":"64faff16-b05b-46ab-9761-002e9d2d16a8","ts":"2025-08-05T00:25:34.483-04:00","source":{"id":"0","name":"eventBus"}}
{"__type":"$$EventMessageAudit","id":"dd5a3740-f372-4558-82d3-7167b9a80513","ts":"2025-08-05T00:28:24.583-04:00","eventName":"n8n.audit.user.credentials.updated","message":"n8n.audit.user.credentials.updated","payload":{"userId":"346dc6fc-65ef-4bac-9b19-59267c205cd1","_email":"rajamtejasiddhartha@gmail.com","_firstName":"TEJA","_lastName":"RAJAM","globalRole":"global:owner","credentialType":"googleSheetsOAuth2Api","credentialId":"NNto0VzJkHzaNDZ5"}}
{"__type":"$$EventMessageConfirm","confirm":"dd5a3740-f372-4558-82d3-7167b9a80513","ts":"2025-08-05T00:28:24.584-04:00","source":{"id":"0","name":"eventBus"}}
{"__type":"$$EventMessageWorkflow","id":"e2a0dbc9-8d43-4255-828f-934be13ab141","ts":"2025-08-05T00:29:18.717-04:00","eventName":"n8n.workflow.started","message":"n8n.workflow.started","payload":{"executionId":"5","workflowId":"4kNiZXt5UKp3Degy","isManual":false,"workflowName":"My workflow"}}
{"__type":"$$EventMessageConfirm","confirm":"e2a0dbc9-8d43-4255-828f-934be13ab141","ts":"2025-08-05T00:29:18.717-04:00","source":{"id":"0","name":"eventBus"}}
{"__type":"$$EventMessageNode","id":"d22368ec-bfdb-4962-a9a0-2c9a33b88b07","ts":"2025-08-05T00:29:18.727-04:00","eventName":"n8n.node.started","message":"n8n.node.started","payload":{"workflowId":"4kNiZXt5UKp3Degy","workflowName":"My workflow","executionId":"5","nodeType":"n8n-nodes-base.googleSheets","nodeName":"Append row in sheet","nodeId":"e580e781-5759-446e-831b-d4704c651ece"}}
{"__type":"$$EventMessageConfirm","confirm":"d22368ec-bfdb-4962-a9a0-2c9a33b88b07","ts":"2025-08-05T00:29:18.727-04:00","source":{"id":"0","name":"eventBus"}}
{"__type":"$$EventMessageNode","id":"a09e209a-5b4f-4474-8e1d-1b47ad1061ef","ts":"2025-08-05T00:29:19.172-04:00","eventName":"n8n.node.finished","message":"n8n.node.finished","payload":{"workflowId":"4kNiZXt5UKp3Degy","workflowName":"My workflow","executionId":"5","nodeType":"n8n-nodes-base.googleSheets","nodeName":"Append row in sheet","nodeId":"e580e781-5759-446e-831b-d4704c651ece"}}
{"__type":"$$EventMessageConfirm","confirm":"a09e209a-5b4f-4474-8e1d-1b47ad1061ef","ts":"2025-08-05T00:29:19.172-04:00","source":{"id":"0","name":"eventBus"}}
{"__type":"$$EventMessageWorkflow","id":"761a41f0-6dd1-4d8b-a4d2-7a823c7ae61f","ts":"2025-08-05T00:29:19.180-04:00","eventName":"n8n.workflow.failed","message":"n8n.workflow.failed","payload":{"userId":"346dc6fc-65ef-4bac-9b19-59267c205cd1","executionId":"5","success":false,"isManual":true,"workflowId":"4kNiZXt5UKp3Degy","workflowName":"My workflow","lastNodeExecuted":"Append row in sheet","errorNodeType":"n8n-nodes-base.googleSheets","errorMessage":"Forbidden - perhaps check your credentials?"}}
{"__type":"$$EventMessageConfirm","confirm":"761a41f0-6dd1-4d8b-a4d2-7a823c7ae61f","ts":"2025-08-05T00:29:19.180-04:00","source":{"id":"0","name":"eventBus"}}
{"__type":"$$EventMessageWorkflow","id":"47285631-1915-4d32-bc80-644c0f8e1242","ts":"2025-08-05T00:31:34.369-04:00","eventName":"n8n.workflow.started","message":"n8n.workflow.started","payload":{"executionId":"6","workflowId":"4kNiZXt5UKp3Degy","isManual":false,"workflowName":"My workflow"}}
{"__type":"$$EventMessageConfirm","confirm":"47285631-1915-4d32-bc80-644c0f8e1242","ts":"2025-08-05T00:31:34.370-04:00","source":{"id":"0","name":"eventBus"}}
{"__type":"$$EventMessageNode","id":"d8db5334-b5f9-4309-a095-4b812cb9a9d1","ts":"2025-08-05T00:31:34.376-04:00","eventName":"n8n.node.started","message":"n8n.node.started","payload":{"workflowId":"4kNiZXt5UKp3Degy","workflowName":"My workflow","executionId":"6","nodeType":"n8n-nodes-base.googleSheets","nodeName":"Append row in sheet","nodeId":"e580e781-5759-446e-831b-d4704c651ece"}}
{"__type":"$$EventMessageConfirm","confirm":"d8db5334-b5f9-4309-a095-4b812cb9a9d1","ts":"2025-08-05T00:31:34.376-04:00","source":{"id":"0","name":"eventBus"}}
{"__type":"$$EventMessageNode","id":"ea4c77e0-441e-4895-9bc9-d5a81355f67c","ts":"2025-08-05T00:31:37.908-04:00","eventName":"n8n.node.finished","message":"n8n.node.finished","payload":{"workflowId":"4kNiZXt5UKp3Degy","workflowName":"My workflow","executionId":"6","nodeType":"n8n-nodes-base.googleSheets","nodeName":"Append row in sheet","nodeId":"e580e781-5759-446e-831b-d4704c651ece"}}
{"__type":"$$EventMessageConfirm","confirm":"ea4c77e0-441e-4895-9bc9-d5a81355f67c","ts":"2025-08-05T00:31:37.909-04:00","source":{"id":"0","name":"eventBus"}}
{"__type":"$$EventMessageWorkflow","id":"8ef07e68-9e5e-4863-8d3f-5dadebd73663","ts":"2025-08-05T00:31:37.942-04:00","eventName":"n8n.workflow.success","message":"n8n.workflow.success","payload":{"userId":"346dc6fc-65ef-4bac-9b19-59267c205cd1","executionId":"6","success":true,"isManual":true,"workflowId":"4kNiZXt5UKp3Degy","workflowName":"My workflow"}}
{"__type":"$$EventMessageConfirm","confirm":"8ef07e68-9e5e-4863-8d3f-5dadebd73663","ts":"2025-08-05T00:31:37.942-04:00","source":{"id":"0","name":"eventBus"}}
{"__type":"$$EventMessageWorkflow","id":"8b80ab08-ff0e-4e83-8d83-136dcb3d8493","ts":"2025-08-05T00:36:38.390-04:00","eventName":"n8n.workflow.started","message":"n8n.workflow.started","payload":{"executionId":"7","workflowId":"4kNiZXt5UKp3Degy","isManual":false,"workflowName":"My workflow"}}
{"__type":"$$EventMessageConfirm","confirm":"8b80ab08-ff0e-4e83-8d83-136dcb3d8493","ts":"2025-08-05T00:36:38.391-04:00","source":{"id":"0","name":"eventBus"}}
{"__type":"$$EventMessageNode","id":"629bd6fb-ea9e-420a-b39e-cdd5c50316df","ts":"2025-08-05T00:36:38.397-04:00","eventName":"n8n.node.started","message":"n8n.node.started","payload":{"workflowId":"4kNiZXt5UKp3Degy","workflowName":"My workflow","executionId":"7","nodeType":"n8n-nodes-base.googleSheets","nodeName":"Append row in sheet","nodeId":"e580e781-5759-446e-831b-d4704c651ece"}}
{"__type":"$$EventMessageConfirm","confirm":"629bd6fb-ea9e-420a-b39e-cdd5c50316df","ts":"2025-08-05T00:36:38.398-04:00","source":{"id":"0","name":"eventBus"}}
{"__type":"$$EventMessageNode","id":"a9d96fe2-ac10-4ff8-8d41-4336451d7414","ts":"2025-08-05T00:36:40.775-04:00","eventName":"n8n.node.finished","message":"n8n.node.finished","payload":{"workflowId":"4kNiZXt5UKp3Degy","workflowName":"My workflow","executionId":"7","nodeType":"n8n-nodes-base.googleSheets","nodeName":"Append row in sheet","nodeId":"e580e781-5759-446e-831b-d4704c651ece"}}
{"__type":"$$EventMessageConfirm","confirm":"a9d96fe2-ac10-4ff8-8d41-4336451d7414","ts":"2025-08-05T00:36:40.777-04:00","source":{"id":"0","name":"eventBus"}}
{"__type":"$$EventMessageWorkflow","id":"50a71da7-442c-4328-a3be-e6d401e02ab5","ts":"2025-08-05T00:36:40.813-04:00","eventName":"n8n.workflow.success","message":"n8n.workflow.success","payload":{"userId":"346dc6fc-65ef-4bac-9b19-59267c205cd1","executionId":"7","success":true,"isManual":true,"workflowId":"4kNiZXt5UKp3Degy","workflowName":"My workflow"}}
{"__type":"$$EventMessageConfirm","confirm":"50a71da7-442c-4328-a3be-e6d401e02ab5","ts":"2025-08-05T00:36:40.813-04:00","source":{"id":"0","name":"eventBus"}}
{"__type":"$$EventMessageAudit","id":"0ff846d1-f4a1-4d5f-b7af-cca4d5a4da0b","ts":"2025-08-05T00:39:10.305-04:00","eventName":"n8n.audit.user.credentials.created","message":"n8n.audit.user.credentials.created","payload":{"userId":"346dc6fc-65ef-4bac-9b19-59267c205cd1","_email":"rajamtejasiddhartha@gmail.com","_firstName":"TEJA","_lastName":"RAJAM","globalRole":"global:owner","credentialType":"telegramApi","credentialId":"6hjRiAXuS5lLrefx","publicApi":false,"projectId":"EWaGiU94rpFU52N1","projectType":"personal"}}
{"__type":"$$EventMessageConfirm","confirm":"0ff846d1-f4a1-4d5f-b7af-cca4d5a4da0b","ts":"2025-08-05T00:39:10.306-04:00","source":{"id":"0","name":"eventBus"}}
{"__type":"$$EventMessageWorkflow","id":"ae2e8a3b-ce59-4656-8ec4-d96638e049eb","ts":"2025-08-05T00:40:37.511-04:00","eventName":"n8n.workflow.failed","message":"n8n.workflow.failed","payload":{"userId":"346dc6fc-65ef-4bac-9b19-59267c205cd1","executionId":"8","success":false,"isManual":true,"workflowId":"4kNiZXt5UKp3Degy","workflowName":"My workflow","errorMessage":"The workflow has issues and cannot be executed for that reason. Please fix them first."}}
{"__type":"$$EventMessageConfirm","confirm":"ae2e8a3b-ce59-4656-8ec4-d96638e049eb","ts":"2025-08-05T00:40:37.511-04:00","source":{"id":"0","name":"eventBus"}}
{"__type":"$$EventMessageWorkflow","id":"fd519ce0-3234-4b24-94ae-a48e4df0fe7b","ts":"2025-08-05T00:40:48.585-04:00","eventName":"n8n.workflow.started","message":"n8n.workflow.started","payload":{"executionId":"9","workflowId":"4kNiZXt5UKp3Degy","isManual":false,"workflowName":"My workflow"}}
{"__type":"$$EventMessageConfirm","confirm":"fd519ce0-3234-4b24-94ae-a48e4df0fe7b","ts":"2025-08-05T00:40:48.586-04:00","source":{"id":"0","name":"eventBus"}}
{"__type":"$$EventMessageNode","id":"1eb8d611-a703-40fc-a862-a7a9d34a1e19","ts":"2025-08-05T00:40:48.587-04:00","eventName":"n8n.node.started","message":"n8n.node.started","payload":{"workflowId":"4kNiZXt5UKp3Degy","workflowName":"My workflow","executionId":"9","nodeType":"n8n-nodes-base.scheduleTrigger","nodeName":"Every 15 minutes","nodeId":"49f5eae5-0945-4301-aef3-3503d3ed53a2"}}
{"__type":"$$EventMessageConfirm","confirm":"1eb8d611-a703-40fc-a862-a7a9d34a1e19","ts":"2025-08-05T00:40:48.588-04:00","source":{"id":"0","name":"eventBus"}}
{"__type":"$$EventMessageNode","id":"4db3f0cf-c57d-4bf1-a89f-3d7eed598a22","ts":"2025-08-05T00:40:48.597-04:00","eventName":"n8n.node.finished","message":"n8n.node.finished","payload":{"workflowId":"4kNiZXt5UKp3Degy","workflowName":"My workflow","executionId":"9","nodeType":"n8n-nodes-base.scheduleTrigger","nodeName":"Every 15 minutes","nodeId":"49f5eae5-0945-4301-aef3-3503d3ed53a2"}}
{"__type":"$$EventMessageConfirm","confirm":"4db3f0cf-c57d-4bf1-a89f-3d7eed598a22","ts":"2025-08-05T00:40:48.597-04:00","source":{"id":"0","name":"eventBus"}}
{"__type":"$$EventMessageNode","id":"15f4fe32-79ec-4593-941e-80a4581a6b6a","ts":"2025-08-05T00:40:48.598-04:00","eventName":"n8n.node.started","message":"n8n.node.started","payload":{"workflowId":"4kNiZXt5UKp3Degy","workflowName":"My workflow","executionId":"9","nodeType":"n8n-nodes-base.httpRequest","nodeName":"HTTP Request -  CoinGecko INR","nodeId":"b518e179-ee16-4fc1-a63a-0569a78365e5"}}
{"__type":"$$EventMessageConfirm","confirm":"15f4fe32-79ec-4593-941e-80a4581a6b6a","ts":"2025-08-05T00:40:48.598-04:00","source":{"id":"0","name":"eventBus"}}
{"__type":"$$EventMessageNode","id":"608b9a8d-473c-4e0d-a67c-eaa225e066bd","ts":"2025-08-05T00:40:49.031-04:00","eventName":"n8n.node.finished","message":"n8n.node.finished","payload":{"workflowId":"4kNiZXt5UKp3Degy","workflowName":"My workflow","executionId":"9","nodeType":"n8n-nodes-base.httpRequest","nodeName":"HTTP Request -  CoinGecko INR","nodeId":"b518e179-ee16-4fc1-a63a-0569a78365e5"}}
{"__type":"$$EventMessageConfirm","confirm":"608b9a8d-473c-4e0d-a67c-eaa225e066bd","ts":"2025-08-05T00:40:49.031-04:00","source":{"id":"0","name":"eventBus"}}
{"__type":"$$EventMessageNode","id":"f8f898a9-ca37-48ea-976a-a46aca178607","ts":"2025-08-05T00:40:49.034-04:00","eventName":"n8n.node.started","message":"n8n.node.started","payload":{"workflowId":"4kNiZXt5UKp3Degy","workflowName":"My workflow","executionId":"9","nodeType":"n8n-nodes-base.code","nodeName":"ALL LOGIC","nodeId":"fe4cf8fb-b2dc-42ca-8417-33119ca6cb26"}}
{"__type":"$$EventMessageConfirm","confirm":"f8f898a9-ca37-48ea-976a-a46aca178607","ts":"2025-08-05T00:40:49.034-04:00","source":{"id":"0","name":"eventBus"}}
{"__type":"$$EventMessageNode","id":"77ef9875-872d-48ea-8d0c-3e1da7a685f2","ts":"2025-08-05T00:40:49.087-04:00","eventName":"n8n.node.finished","message":"n8n.node.finished","payload":{"workflowId":"4kNiZXt5UKp3Degy","workflowName":"My workflow","executionId":"9","nodeType":"n8n-nodes-base.code","nodeName":"ALL LOGIC","nodeId":"fe4cf8fb-b2dc-42ca-8417-33119ca6cb26"}}
{"__type":"$$EventMessageConfirm","confirm":"77ef9875-872d-48ea-8d0c-3e1da7a685f2","ts":"2025-08-05T00:40:49.088-04:00","source":{"id":"0","name":"eventBus"}}
{"__type":"$$EventMessageNode","id":"798674e9-c16f-424b-a9e4-74f078eb4eaf","ts":"2025-08-05T00:40:49.088-04:00","eventName":"n8n.node.started","message":"n8n.node.started","payload":{"workflowId":"4kNiZXt5UKp3Degy","workflowName":"My workflow","executionId":"9","nodeType":"n8n-nodes-base.code","nodeName":"Code","nodeId":"88e79ff5-b6bd-4004-aaae-97272317a4bb"}}
{"__type":"$$EventMessageConfirm","confirm":"798674e9-c16f-424b-a9e4-74f078eb4eaf","ts":"2025-08-05T00:40:49.088-04:00","source":{"id":"0","name":"eventBus"}}
{"__type":"$$EventMessageNode","id":"57cbf171-6549-4064-9913-23ba0b70afb1","ts":"2025-08-05T00:40:49.102-04:00","eventName":"n8n.node.finished","message":"n8n.node.finished","payload":{"workflowId":"4kNiZXt5UKp3Degy","workflowName":"My workflow","executionId":"9","nodeType":"n8n-nodes-base.code","nodeName":"Code","nodeId":"88e79ff5-b6bd-4004-aaae-97272317a4bb"}}
{"__type":"$$EventMessageConfirm","confirm":"57cbf171-6549-4064-9913-23ba0b70afb1","ts":"2025-08-05T00:40:49.102-04:00","source":{"id":"0","name":"eventBus"}}
{"__type":"$$EventMessageNode","id":"13a5d1b2-ede2-4874-8620-a2314b4be383","ts":"2025-08-05T00:40:49.103-04:00","eventName":"n8n.node.started","message":"n8n.node.started","payload":{"workflowId":"4kNiZXt5UKp3Degy","workflowName":"My workflow","executionId":"9","nodeType":"n8n-nodes-base.googleSheets","nodeName":"Append row in sheet","nodeId":"e580e781-5759-446e-831b-d4704c651ece"}}
{"__type":"$$EventMessageConfirm","confirm":"13a5d1b2-ede2-4874-8620-a2314b4be383","ts":"2025-08-05T00:40:49.103-04:00","source":{"id":"0","name":"eventBus"}}
{"__type":"$$EventMessageNode","id":"ca786e95-0c04-42b8-9d1e-e26beea05eec","ts":"2025-08-05T00:40:51.468-04:00","eventName":"n8n.node.finished","message":"n8n.node.finished","payload":{"workflowId":"4kNiZXt5UKp3Degy","workflowName":"My workflow","executionId":"9","nodeType":"n8n-nodes-base.googleSheets","nodeName":"Append row in sheet","nodeId":"e580e781-5759-446e-831b-d4704c651ece"}}
{"__type":"$$EventMessageConfirm","confirm":"ca786e95-0c04-42b8-9d1e-e26beea05eec","ts":"2025-08-05T00:40:51.469-04:00","source":{"id":"0","name":"eventBus"}}
{"__type":"$$EventMessageNode","id":"a47455bf-9b69-4a2f-9673-0b4110ef6fe9","ts":"2025-08-05T00:40:51.470-04:00","eventName":"n8n.node.started","message":"n8n.node.started","payload":{"workflowId":"4kNiZXt5UKp3Degy","workflowName":"My workflow","executionId":"9","nodeType":"n8n-nodes-base.telegram","nodeName":"Send a text message","nodeId":"624b1af7-3062-4b3b-8e11-bc9b456b186e"}}
{"__type":"$$EventMessageConfirm","confirm":"a47455bf-9b69-4a2f-9673-0b4110ef6fe9","ts":"2025-08-05T00:40:51.470-04:00","source":{"id":"0","name":"eventBus"}}
{"__type":"$$EventMessageNode","id":"6ddcbf93-791e-4846-8eb7-ac18675ea13a","ts":"2025-08-05T00:40:58.048-04:00","eventName":"n8n.node.finished","message":"n8n.node.finished","payload":{"workflowId":"4kNiZXt5UKp3Degy","workflowName":"My workflow","executionId":"9","nodeType":"n8n-nodes-base.telegram","nodeName":"Send a text message","nodeId":"624b1af7-3062-4b3b-8e11-bc9b456b186e"}}
{"__type":"$$EventMessageConfirm","confirm":"6ddcbf93-791e-4846-8eb7-ac18675ea13a","ts":"2025-08-05T00:40:58.049-04:00","source":{"id":"0","name":"eventBus"}}
{"__type":"$$EventMessageWorkflow","id":"0bfeed80-ffc1-46e6-b32c-e24e15de8eb8","ts":"2025-08-05T00:40:58.061-04:00","eventName":"n8n.workflow.success","message":"n8n.workflow.success","payload":{"userId":"346dc6fc-65ef-4bac-9b19-59267c205cd1","executionId":"9","success":true,"isManual":true,"workflowId":"4kNiZXt5UKp3Degy","workflowName":"My workflow"}}
{"__type":"$$EventMessageConfirm","confirm":"0bfeed80-ffc1-46e6-b32c-e24e15de8eb8","ts":"2025-08-05T00:40:58.062-04:00","source":{"id":"0","name":"eventBus"}}
{"__type":"$$EventMessageAudit","id":"e37cfba0-6ddf-4f9f-9e75-8817ee2e9472","ts":"2025-08-05T00:42:45.795-04:00","eventName":"n8n.audit.workflow.updated","message":"n8n.audit.workflow.updated","payload":{"userId":"346dc6fc-65ef-4bac-9b19-59267c205cd1","_email":"rajamtejasiddhartha@gmail.com","_firstName":"TEJA","_lastName":"RAJAM","globalRole":"global:owner","workflowId":"4kNiZXt5UKp3Degy","workflowName":"My workflow"}}
{"__type":"$$EventMessageConfirm","confirm":"e37cfba0-6ddf-4f9f-9e75-8817ee2e9472","ts":"2025-08-05T00:42:45.796-04:00","source":{"id":"0","name":"eventBus"}}
{"__type":"$$EventMessageWorkflow","id":"39af7610-33bb-4dfc-a2af-27796ddec7ed","ts":"2025-08-05T00:42:49.465-04:00","eventName":"n8n.workflow.started","message":"n8n.workflow.started","payload":{"executionId":"10","workflowId":"4kNiZXt5UKp3Degy","isManual":false,"workflowName":"My workflow"}}
{"__type":"$$EventMessageConfirm","confirm":"39af7610-33bb-4dfc-a2af-27796ddec7ed","ts":"2025-08-05T00:42:49.465-04:00","source":{"id":"0","name":"eventBus"}}
{"__type":"$$EventMessageNode","id":"e74a689e-d9e5-42bc-9119-fbaad95497ae","ts":"2025-08-05T00:42:49.467-04:00","eventName":"n8n.node.started","message":"n8n.node.started","payload":{"workflowId":"4kNiZXt5UKp3Degy","workflowName":"My workflow","executionId":"10","nodeType":"n8n-nodes-base.scheduleTrigger","nodeName":"Every 15 minutes","nodeId":"49f5eae5-0945-4301-aef3-3503d3ed53a2"}}
{"__type":"$$EventMessageConfirm","confirm":"e74a689e-d9e5-42bc-9119-fbaad95497ae","ts":"2025-08-05T00:42:49.467-04:00","source":{"id":"0","name":"eventBus"}}
{"__type":"$$EventMessageNode","id":"256df852-4a48-4429-9f19-04537bffdf8c","ts":"2025-08-05T00:42:49.471-04:00","eventName":"n8n.node.finished","message":"n8n.node.finished","payload":{"workflowId":"4kNiZXt5UKp3Degy","workflowName":"My workflow","executionId":"10","nodeType":"n8n-nodes-base.scheduleTrigger","nodeName":"Every 15 minutes","nodeId":"49f5eae5-0945-4301-aef3-3503d3ed53a2"}}
{"__type":"$$EventMessageConfirm","confirm":"256df852-4a48-4429-9f19-04537bffdf8c","ts":"2025-08-05T00:42:49.471-04:00","source":{"id":"0","name":"eventBus"}}
{"__type":"$$EventMessageNode","id":"38f6773d-ab8f-4b9b-96d7-3d20432ca8e4","ts":"2025-08-05T00:42:49.471-04:00","eventName":"n8n.node.started","message":"n8n.node.started","payload":{"workflowId":"4kNiZXt5UKp3Degy","workflowName":"My workflow","executionId":"10","nodeType":"n8n-nodes-base.httpRequest","nodeName":"HTTP Request -  CoinGecko INR","nodeId":"b518e179-ee16-4fc1-a63a-0569a78365e5"}}
{"__type":"$$EventMessageConfirm","confirm":"38f6773d-ab8f-4b9b-96d7-3d20432ca8e4","ts":"2025-08-05T00:42:49.471-04:00","source":{"id":"0","name":"eventBus"}}
{"__type":"$$EventMessageNode","id":"e448c5da-7000-44f4-b6c2-deedde20a27c","ts":"2025-08-05T00:42:51.957-04:00","eventName":"n8n.node.finished","message":"n8n.node.finished","payload":{"workflowId":"4kNiZXt5UKp3Degy","workflowName":"My workflow","executionId":"10","nodeType":"n8n-nodes-base.httpRequest","nodeName":"HTTP Request -  CoinGecko INR","nodeId":"b518e179-ee16-4fc1-a63a-0569a78365e5"}}
{"__type":"$$EventMessageConfirm","confirm":"e448c5da-7000-44f4-b6c2-deedde20a27c","ts":"2025-08-05T00:42:51.958-04:00","source":{"id":"0","name":"eventBus"}}
{"__type":"$$EventMessageNode","id":"15c70449-02ae-4a3b-8e42-0e0b4a436050","ts":"2025-08-05T00:42:51.965-04:00","eventName":"n8n.node.started","message":"n8n.node.started","payload":{"workflowId":"4kNiZXt5UKp3Degy","workflowName":"My workflow","executionId":"10","nodeType":"n8n-nodes-base.code","nodeName":"ALL LOGIC","nodeId":"fe4cf8fb-b2dc-42ca-8417-33119ca6cb26"}}
{"__type":"$$EventMessageConfirm","confirm":"15c70449-02ae-4a3b-8e42-0e0b4a436050","ts":"2025-08-05T00:42:51.965-04:00","source":{"id":"0","name":"eventBus"}}
{"__type":"$$EventMessageNode","id":"1319c668-a06f-48b9-a1b6-9b95d65bc869","ts":"2025-08-05T00:42:52.007-04:00","eventName":"n8n.node.finished","message":"n8n.node.finished","payload":{"workflowId":"4kNiZXt5UKp3Degy","workflowName":"My workflow","executionId":"10","nodeType":"n8n-nodes-base.code","nodeName":"ALL LOGIC","nodeId":"fe4cf8fb-b2dc-42ca-8417-33119ca6cb26"}}
{"__type":"$$EventMessageConfirm","confirm":"1319c668-a06f-48b9-a1b6-9b95d65bc869","ts":"2025-08-05T00:42:52.007-04:00","source":{"id":"0","name":"eventBus"}}
{"__type":"$$EventMessageNode","id":"94bfa246-9744-42b9-a36e-16df49ddfc00","ts":"2025-08-05T00:42:52.008-04:00","eventName":"n8n.node.started","message":"n8n.node.started","payload":{"workflowId":"4kNiZXt5UKp3Degy","workflowName":"My workflow","executionId":"10","nodeType":"n8n-nodes-base.code","nodeName":"Code","nodeId":"88e79ff5-b6bd-4004-aaae-97272317a4bb"}}
{"__type":"$$EventMessageConfirm","confirm":"94bfa246-9744-42b9-a36e-16df49ddfc00","ts":"2025-08-05T00:42:52.008-04:00","source":{"id":"0","name":"eventBus"}}
{"__type":"$$EventMessageNode","id":"609e8d20-43fd-4ea3-8e39-74831fbc2646","ts":"2025-08-05T00:42:52.018-04:00","eventName":"n8n.node.finished","message":"n8n.node.finished","payload":{"workflowId":"4kNiZXt5UKp3Degy","workflowName":"My workflow","executionId":"10","nodeType":"n8n-nodes-base.code","nodeName":"Code","nodeId":"88e79ff5-b6bd-4004-aaae-97272317a4bb"}}
{"__type":"$$EventMessageConfirm","confirm":"609e8d20-43fd-4ea3-8e39-74831fbc2646","ts":"2025-08-05T00:42:52.018-04:00","source":{"id":"0","name":"eventBus"}}
{"__type":"$$EventMessageNode","id":"9ca204fb-3cb6-45ed-9057-254630665b8f","ts":"2025-08-05T00:42:52.021-04:00","eventName":"n8n.node.started","message":"n8n.node.started","payload":{"workflowId":"4kNiZXt5UKp3Degy","workflowName":"My workflow","executionId":"10","nodeType":"n8n-nodes-base.googleSheets","nodeName":"Append row in sheet","nodeId":"e580e781-5759-446e-831b-d4704c651ece"}}
{"__type":"$$EventMessageConfirm","confirm":"9ca204fb-3cb6-45ed-9057-254630665b8f","ts":"2025-08-05T00:42:52.021-04:00","source":{"id":"0","name":"eventBus"}}
{"__type":"$$EventMessageNode","id":"e88019ff-0012-43aa-9617-012265283fa4","ts":"2025-08-05T00:42:54.413-04:00","eventName":"n8n.node.finished","message":"n8n.node.finished","payload":{"workflowId":"4kNiZXt5UKp3Degy","workflowName":"My workflow","executionId":"10","nodeType":"n8n-nodes-base.googleSheets","nodeName":"Append row in sheet","nodeId":"e580e781-5759-446e-831b-d4704c651ece"}}
{"__type":"$$EventMessageConfirm","confirm":"e88019ff-0012-43aa-9617-012265283fa4","ts":"2025-08-05T00:42:54.414-04:00","source":{"id":"0","name":"eventBus"}}
{"__type":"$$EventMessageNode","id":"dea17d07-529e-4570-b4d4-ddc5e86f5c56","ts":"2025-08-05T00:42:54.417-04:00","eventName":"n8n.node.started","message":"n8n.node.started","payload":{"workflowId":"4kNiZXt5UKp3Degy","workflowName":"My workflow","executionId":"10","nodeType":"n8n-nodes-base.telegram","nodeName":"Send a text message","nodeId":"624b1af7-3062-4b3b-8e11-bc9b456b186e"}}
{"__type":"$$EventMessageConfirm","confirm":"dea17d07-529e-4570-b4d4-ddc5e86f5c56","ts":"2025-08-05T00:42:54.417-04:00","source":{"id":"0","name":"eventBus"}}
{"__type":"$$EventMessageNode","id":"6576b119-8eea-44ce-a6ea-5daa5f62c383","ts":"2025-08-05T00:43:00.923-04:00","eventName":"n8n.node.finished","message":"n8n.node.finished","payload":{"workflowId":"4kNiZXt5UKp3Degy","workflowName":"My workflow","executionId":"10","nodeType":"n8n-nodes-base.telegram","nodeName":"Send a text message","nodeId":"624b1af7-3062-4b3b-8e11-bc9b456b186e"}}
{"__type":"$$EventMessageConfirm","confirm":"6576b119-8eea-44ce-a6ea-5daa5f62c383","ts":"2025-08-05T00:43:00.925-04:00","source":{"id":"0","name":"eventBus"}}
{"__type":"$$EventMessageWorkflow","id":"07d22860-026c-4d51-8051-8af1db50db82","ts":"2025-08-05T00:43:00.942-04:00","eventName":"n8n.workflow.success","message":"n8n.workflow.success","payload":{"userId":"346dc6fc-65ef-4bac-9b19-59267c205cd1","executionId":"10","success":true,"isManual":true,"workflowId":"4kNiZXt5UKp3Degy","workflowName":"My workflow"}}
{"__type":"$$EventMessageConfirm","confirm":"07d22860-026c-4d51-8051-8af1db50db82","ts":"2025-08-05T00:43:00.942-04:00","source":{"id":"0","name":"eventBus"}}
{"__type":"$$EventMessageWorkflow","id":"54e6e7c7-5b93-42f8-b433-90bc6d0f336e","ts":"2025-08-05T00:45:26.118-04:00","eventName":"n8n.workflow.started","message":"n8n.workflow.started","payload":{"executionId":"11","workflowId":"4kNiZXt5UKp3Degy","isManual":false,"workflowName":"My workflow"}}
{"__type":"$$EventMessageConfirm","confirm":"54e6e7c7-5b93-42f8-b433-90bc6d0f336e","ts":"2025-08-05T00:45:26.119-04:00","source":{"id":"0","name":"eventBus"}}
{"__type":"$$EventMessageNode","id":"19e97824-bdf7-4dfb-b23b-4754d17dc273","ts":"2025-08-05T00:45:26.120-04:00","eventName":"n8n.node.started","message":"n8n.node.started","payload":{"workflowId":"4kNiZXt5UKp3Degy","workflowName":"My workflow","executionId":"11","nodeType":"n8n-nodes-base.scheduleTrigger","nodeName":"Every 15 minutes","nodeId":"49f5eae5-0945-4301-aef3-3503d3ed53a2"}}
{"__type":"$$EventMessageConfirm","confirm":"19e97824-bdf7-4dfb-b23b-4754d17dc273","ts":"2025-08-05T00:45:26.120-04:00","source":{"id":"0","name":"eventBus"}}
{"__type":"$$EventMessageNode","id":"9b8d4073-1a6d-412f-b450-9962a3764782","ts":"2025-08-05T00:45:26.121-04:00","eventName":"n8n.node.finished","message":"n8n.node.finished","payload":{"workflowId":"4kNiZXt5UKp3Degy","workflowName":"My workflow","executionId":"11","nodeType":"n8n-nodes-base.scheduleTrigger","nodeName":"Every 15 minutes","nodeId":"49f5eae5-0945-4301-aef3-3503d3ed53a2"}}
{"__type":"$$EventMessageConfirm","confirm":"9b8d4073-1a6d-412f-b450-9962a3764782","ts":"2025-08-05T00:45:26.121-04:00","source":{"id":"0","name":"eventBus"}}
{"__type":"$$EventMessageNode","id":"dbb0b3ae-ae3b-458b-9ed9-5509f45aea46","ts":"2025-08-05T00:45:26.121-04:00","eventName":"n8n.node.started","message":"n8n.node.started","payload":{"workflowId":"4kNiZXt5UKp3Degy","workflowName":"My workflow","executionId":"11","nodeType":"n8n-nodes-base.httpRequest","nodeName":"HTTP Request -  CoinGecko INR","nodeId":"b518e179-ee16-4fc1-a63a-0569a78365e5"}}
{"__type":"$$EventMessageConfirm","confirm":"dbb0b3ae-ae3b-458b-9ed9-5509f45aea46","ts":"2025-08-05T00:45:26.121-04:00","source":{"id":"0","name":"eventBus"}}
{"__type":"$$EventMessageNode","id":"0682a9b4-1a28-4e8e-888b-2c3c00923fd3","ts":"2025-08-05T00:45:26.547-04:00","eventName":"n8n.node.finished","message":"n8n.node.finished","payload":{"workflowId":"4kNiZXt5UKp3Degy","workflowName":"My workflow","executionId":"11","nodeType":"n8n-nodes-base.httpRequest","nodeName":"HTTP Request -  CoinGecko INR","nodeId":"b518e179-ee16-4fc1-a63a-0569a78365e5"}}
{"__type":"$$EventMessageConfirm","confirm":"0682a9b4-1a28-4e8e-888b-2c3c00923fd3","ts":"2025-08-05T00:45:26.547-04:00","source":{"id":"0","name":"eventBus"}}
{"__type":"$$EventMessageNode","id":"413af520-991d-40c1-836e-dd74f88aa097","ts":"2025-08-05T00:45:26.547-04:00","eventName":"n8n.node.started","message":"n8n.node.started","payload":{"workflowId":"4kNiZXt5UKp3Degy","workflowName":"My workflow","executionId":"11","nodeType":"n8n-nodes-base.code","nodeName":"ALL LOGIC","nodeId":"fe4cf8fb-b2dc-42ca-8417-33119ca6cb26"}}
{"__type":"$$EventMessageConfirm","confirm":"413af520-991d-40c1-836e-dd74f88aa097","ts":"2025-08-05T00:45:26.547-04:00","source":{"id":"0","name":"eventBus"}}
{"__type":"$$EventMessageNode","id":"6a8f8d9e-e763-4164-b3d9-e9ea4b791614","ts":"2025-08-05T00:45:26.566-04:00","eventName":"n8n.node.finished","message":"n8n.node.finished","payload":{"workflowId":"4kNiZXt5UKp3Degy","workflowName":"My workflow","executionId":"11","nodeType":"n8n-nodes-base.code","nodeName":"ALL LOGIC","nodeId":"fe4cf8fb-b2dc-42ca-8417-33119ca6cb26"}}
{"__type":"$$EventMessageConfirm","confirm":"6a8f8d9e-e763-4164-b3d9-e9ea4b791614","ts":"2025-08-05T00:45:26.566-04:00","source":{"id":"0","name":"eventBus"}}
{"__type":"$$EventMessageNode","id":"40977acb-057f-4cba-93fb-272ae291125a","ts":"2025-08-05T00:45:26.566-04:00","eventName":"n8n.node.started","message":"n8n.node.started","payload":{"workflowId":"4kNiZXt5UKp3Degy","workflowName":"My workflow","executionId":"11","nodeType":"n8n-nodes-base.code","nodeName":"Code","nodeId":"88e79ff5-b6bd-4004-aaae-97272317a4bb"}}
{"__type":"$$EventMessageConfirm","confirm":"40977acb-057f-4cba-93fb-272ae291125a","ts":"2025-08-05T00:45:26.566-04:00","source":{"id":"0","name":"eventBus"}}
{"__type":"$$EventMessageNode","id":"31369614-7bcd-4436-a42a-5d5c929ebc32","ts":"2025-08-05T00:45:26.571-04:00","eventName":"n8n.node.finished","message":"n8n.node.finished","payload":{"workflowId":"4kNiZXt5UKp3Degy","workflowName":"My workflow","executionId":"11","nodeType":"n8n-nodes-base.code","nodeName":"Code","nodeId":"88e79ff5-b6bd-4004-aaae-97272317a4bb"}}
{"__type":"$$EventMessageConfirm","confirm":"31369614-7bcd-4436-a42a-5d5c929ebc32","ts":"2025-08-05T00:45:26.571-04:00","source":{"id":"0","name":"eventBus"}}
{"__type":"$$EventMessageNode","id":"4007df4c-c6c8-4d82-a001-a2e0a473ee8f","ts":"2025-08-05T00:45:26.574-04:00","eventName":"n8n.node.started","message":"n8n.node.started","payload":{"workflowId":"4kNiZXt5UKp3Degy","workflowName":"My workflow","executionId":"11","nodeType":"n8n-nodes-base.googleSheets","nodeName":"Append row in sheet","nodeId":"e580e781-5759-446e-831b-d4704c651ece"}}
{"__type":"$$EventMessageConfirm","confirm":"4007df4c-c6c8-4d82-a001-a2e0a473ee8f","ts":"2025-08-05T00:45:26.574-04:00","source":{"id":"0","name":"eventBus"}}
{"__type":"$$EventMessageNode","id":"6991220d-d184-43cc-9987-0876a22a75d6","ts":"2025-08-05T00:45:28.966-04:00","eventName":"n8n.node.finished","message":"n8n.node.finished","payload":{"workflowId":"4kNiZXt5UKp3Degy","workflowName":"My workflow","executionId":"11","nodeType":"n8n-nodes-base.googleSheets","nodeName":"Append row in sheet","nodeId":"e580e781-5759-446e-831b-d4704c651ece"}}
{"__type":"$$EventMessageConfirm","confirm":"6991220d-d184-43cc-9987-0876a22a75d6","ts":"2025-08-05T00:45:28.973-04:00","source":{"id":"0","name":"eventBus"}}
{"__type":"$$EventMessageNode","id":"aea4e56b-b27d-4915-9c77-af753851204a","ts":"2025-08-05T00:45:28.974-04:00","eventName":"n8n.node.started","message":"n8n.node.started","payload":{"workflowId":"4kNiZXt5UKp3Degy","workflowName":"My workflow","executionId":"11","nodeType":"n8n-nodes-base.telegram","nodeName":"Send a text message","nodeId":"624b1af7-3062-4b3b-8e11-bc9b456b186e"}}
{"__type":"$$EventMessageConfirm","confirm":"aea4e56b-b27d-4915-9c77-af753851204a","ts":"2025-08-05T00:45:28.974-04:00","source":{"id":"0","name":"eventBus"}}
{"__type":"$$EventMessageNode","id":"cc409c0b-e80a-461c-be30-92c6ad030e01","ts":"2025-08-05T00:45:35.393-04:00","eventName":"n8n.node.finished","message":"n8n.node.finished","payload":{"workflowId":"4kNiZXt5UKp3Degy","workflowName":"My workflow","executionId":"11","nodeType":"n8n-nodes-base.telegram","nodeName":"Send a text message","nodeId":"624b1af7-3062-4b3b-8e11-bc9b456b186e"}}
{"__type":"$$EventMessageConfirm","confirm":"cc409c0b-e80a-461c-be30-92c6ad030e01","ts":"2025-08-05T00:45:35.394-04:00","source":{"id":"0","name":"eventBus"}}
{"__type":"$$EventMessageWorkflow","id":"d7447438-c831-47c6-8eb8-7938f039ca62","ts":"2025-08-05T00:45:35.400-04:00","eventName":"n8n.workflow.success","message":"n8n.workflow.success","payload":{"executionId":"11","success":true,"isManual":false,"workflowId":"4kNiZXt5UKp3Degy","workflowName":"My workflow"}}
{"__type":"$$EventMessageConfirm","confirm":"d7447438-c831-47c6-8eb8-7938f039ca62","ts":"2025-08-05T00:45:35.400-04:00","source":{"id":"0","name":"eventBus"}}
